C:\USERS\57NET\DESKTOP\PRACTICAL_WORK\PRACTICAL_WORK\DEBUG\.NETFRAMEWORK,VERSION=V4.0.ASSEMBLYATTRIBUTES.OBJ
C:\USERS\57NET\DESKTOP\PRACTICAL_WORK\PRACTICAL_WORK\DEBUG\ADMIN_MENU.OBJ
C:\USERS\57NET\DESKTOP\PRACTICAL_WORK\PRACTICAL_WORK\DEBUG\ADMINISTRATOR_IDENTIFICATION.OBJ
C:\Users\57net\Desktop\practical_work\practical_work\Debug\cl.command.1.tlog
C:\Users\57net\Desktop\practical_work\practical_work\Debug\CL.read.1.tlog
C:\Users\57net\Desktop\practical_work\practical_work\Debug\CL.write.1.tlog
C:\USERS\57NET\DESKTOP\PRACTICAL_WORK\PRACTICAL_WORK\DEBUG\DELETE_A_SPECIFIC_FLIGHT.OBJ
C:\USERS\57NET\DESKTOP\PRACTICAL_WORK\PRACTICAL_WORK\DEBUG\EDIT_SPECIFIC_FIELD.OBJ
C:\USERS\57NET\DESKTOP\PRACTICAL_WORK\PRACTICAL_WORK\DEBUG\EDIT_TYPE_SELECTION.OBJ
C:\USERS\57NET\DESKTOP\PRACTICAL_WORK\PRACTICAL_WORK\DEBUG\ENTER_THE_NUMBER_OF_FLIGHTS.OBJ
C:\USERS\57NET\DESKTOP\PRACTICAL_WORK\PRACTICAL_WORK\DEBUG\ENTER_THE_NUMBER_OF_FLIGHTS_.OBJ
C:\USERS\57NET\DESKTOP\PRACTICAL_WORK\PRACTICAL_WORK\DEBUG\FLIGHT_INPUT.OBJ
C:\USERS\57NET\DESKTOP\PRACTICAL_WORK\PRACTICAL_WORK\DEBUG\FLIGHT_OUTPUT.OBJ
C:\USERS\57NET\DESKTOP\PRACTICAL_WORK\PRACTICAL_WORK\DEBUG\FLIGHT_OUTPUT_ON_REQUEST.OBJ
C:\USERS\57NET\DESKTOP\PRACTICAL_WORK\PRACTICAL_WORK\DEBUG\FLIGHT_OUTPUT_ON_REQUEST_USER.OBJ
C:\USERS\57NET\DESKTOP\PRACTICAL_WORK\PRACTICAL_WORK\DEBUG\FLIGHT_OUTPUT_USER.OBJ
C:\USERS\57NET\DESKTOP\PRACTICAL_WORK\PRACTICAL_WORK\DEBUG\FUNCTIONS.OBJ
C:\USERS\57NET\DESKTOP\PRACTICAL_WORK\PRACTICAL_WORK\DEBUG\GAME_IN_THE_CITY.OBJ
C:\USERS\57NET\DESKTOP\PRACTICAL_WORK\PRACTICAL_WORK\DEBUG\GAME_IN_THE_CITY_2.OBJ
C:\Users\57net\Desktop\practical_work\practical_work\Debug\link.10576.read.1.tlog
C:\Users\57net\Desktop\practical_work\practical_work\Debug\link.10576.write.1.tlog
C:\Users\57net\Desktop\practical_work\practical_work\Debug\link.10724.read.1.tlog
C:\Users\57net\Desktop\practical_work\practical_work\Debug\link.10724.write.1.tlog
C:\Users\57net\Desktop\practical_work\practical_work\Debug\link.11200.read.1.tlog
C:\Users\57net\Desktop\practical_work\practical_work\Debug\link.11200.write.1.tlog
C:\Users\57net\Desktop\practical_work\practical_work\Debug\link.11240.read.1.tlog
C:\Users\57net\Desktop\practical_work\practical_work\Debug\link.11240.write.1.tlog
C:\Users\57net\Desktop\practical_work\practical_work\Debug\link.11996.read.1.tlog
C:\Users\57net\Desktop\practical_work\practical_work\Debug\link.11996.write.1.tlog
C:\Users\57net\Desktop\practical_work\practical_work\Debug\link.12032.read.1.tlog
C:\Users\57net\Desktop\practical_work\practical_work\Debug\link.12032.write.1.tlog
C:\Users\57net\Desktop\practical_work\practical_work\Debug\link.12504.read.1.tlog
C:\Users\57net\Desktop\practical_work\practical_work\Debug\link.12504.write.1.tlog
C:\Users\57net\Desktop\practical_work\practical_work\Debug\link.13584.read.1.tlog
C:\Users\57net\Desktop\practical_work\practical_work\Debug\link.13584.write.1.tlog
C:\Users\57net\Desktop\practical_work\practical_work\Debug\link.15356.read.1.tlog
C:\Users\57net\Desktop\practical_work\practical_work\Debug\link.15356.write.1.tlog
C:\Users\57net\Desktop\practical_work\practical_work\Debug\link.15420.read.1.tlog
C:\Users\57net\Desktop\practical_work\practical_work\Debug\link.15420.write.1.tlog
C:\Users\57net\Desktop\practical_work\practical_work\Debug\link.16128.read.1.tlog
C:\Users\57net\Desktop\practical_work\practical_work\Debug\link.16128.write.1.tlog
C:\Users\57net\Desktop\practical_work\practical_work\Debug\link.16800.read.1.tlog
C:\Users\57net\Desktop\practical_work\practical_work\Debug\link.16800.write.1.tlog
C:\Users\57net\Desktop\practical_work\practical_work\Debug\link.3764.read.1.tlog
C:\Users\57net\Desktop\practical_work\practical_work\Debug\link.3764.write.1.tlog
C:\Users\57net\Desktop\practical_work\practical_work\Debug\link.4244.read.1.tlog
C:\Users\57net\Desktop\practical_work\practical_work\Debug\link.4244.write.1.tlog
C:\Users\57net\Desktop\practical_work\practical_work\Debug\link.4616.read.1.tlog
C:\Users\57net\Desktop\practical_work\practical_work\Debug\link.4616.write.1.tlog
C:\Users\57net\Desktop\practical_work\practical_work\Debug\link.4820.read.1.tlog
C:\Users\57net\Desktop\practical_work\practical_work\Debug\link.4820.write.1.tlog
C:\Users\57net\Desktop\practical_work\practical_work\Debug\link.8184.read.1.tlog
C:\Users\57net\Desktop\practical_work\practical_work\Debug\link.8184.write.1.tlog
C:\Users\57net\Desktop\practical_work\practical_work\Debug\link.8756.read.1.tlog
C:\Users\57net\Desktop\practical_work\practical_work\Debug\link.8756.write.1.tlog
C:\Users\57net\Desktop\practical_work\practical_work\Debug\link.9356.read.1.tlog
C:\Users\57net\Desktop\practical_work\practical_work\Debug\link.9356.write.1.tlog
C:\Users\57net\Desktop\practical_work\practical_work\Debug\link.command.1.tlog
C:\Users\57net\Desktop\practical_work\practical_work\Debug\link.read.1.tlog
C:\Users\57net\Desktop\practical_work\practical_work\Debug\link.write.1.tlog
C:\Users\57net\Desktop\practical_work\practical_work\Debug\mt.command.1.tlog
C:\Users\57net\Desktop\practical_work\practical_work\Debug\mt.read.1.tlog
C:\Users\57net\Desktop\practical_work\practical_work\Debug\mt.write.1.tlog
C:\USERS\57NET\DESKTOP\PRACTICAL_WORK\PRACTICAL_WORK\DEBUG\PLAYER_NUMBER.OBJ
C:\Users\57net\Desktop\practical_work\practical_work\Debug\practical_work.admin_menu.resources
C:\Users\57net\Desktop\practical_work\practical_work\Debug\practical_work.administrator_identification.resources
C:\Users\57net\Desktop\practical_work\practical_work\Debug\practical_work.delete_a_specific_flight.resources
C:\Users\57net\Desktop\practical_work\practical_work\Debug\practical_work.edit_specific_field.resources
C:\Users\57net\Desktop\practical_work\practical_work\Debug\practical_work.edit_type_selection.resources
C:\Users\57net\Desktop\practical_work\practical_work\Debug\practical_work.enter_the_number_of_flights.resources
C:\Users\57net\Desktop\practical_work\practical_work\Debug\practical_work.enter_the_number_of_flights_.resources
C:\USERS\57NET\DESKTOP\PRACTICAL_WORK\PRACTICAL_WORK\DEBUG\PRACTICAL_WORK.EXE
C:\USERS\57NET\DESKTOP\PRACTICAL_WORK\PRACTICAL_WORK\DEBUG\PRACTICAL_WORK.EXE.INTERMEDIATE.MANIFEST
C:\Users\57net\Desktop\practical_work\practical_work\Debug\practical_work.flight_input.resources
C:\Users\57net\Desktop\practical_work\practical_work\Debug\practical_work.flight_output.resources
C:\Users\57net\Desktop\practical_work\practical_work\Debug\practical_work.flight_output_on_request.resources
C:\Users\57net\Desktop\practical_work\practical_work\Debug\practical_work.flight_output_on_request_user.resources
C:\Users\57net\Desktop\practical_work\practical_work\Debug\practical_work.flight_output_user.resources
C:\Users\57net\Desktop\practical_work\practical_work\Debug\practical_work.game_in_the_city.resources
C:\Users\57net\Desktop\practical_work\practical_work\Debug\practical_work.game_in_the_city_2.resources
C:\USERS\57NET\DESKTOP\PRACTICAL_WORK\PRACTICAL_WORK\DEBUG\PRACTICAL_WORK.ILK
C:\USERS\57NET\DESKTOP\PRACTICAL_WORK\PRACTICAL_WORK\DEBUG\PRACTICAL_WORK.PDB
C:\Users\57net\Desktop\practical_work\practical_work\Debug\practical_work.player_number.resources
C:\Users\57net\Desktop\practical_work\practical_work\Debug\practical_work.user_choice.resources
C:\Users\57net\Desktop\practical_work\practical_work\Debug\practical_work.vcxproj.GenerateResource.Cache
C:\Users\57net\Desktop\practical_work\practical_work\Debug\practical_work.vcxprojResolveAssemblyReference.cache
C:\Users\57net\Desktop\practical_work\practical_work\Debug\practical_work.visitor_menu.resources
C:\Users\57net\Desktop\practical_work\practical_work\Debug\practical_work.write.1.tlog
C:\Users\57net\Desktop\practical_work\practical_work\Debug\practical_work.сhange_password.resources
C:\USERS\57NET\DESKTOP\PRACTICAL_WORK\PRACTICAL_WORK\DEBUG\USER_CHOICE.OBJ
C:\USERS\57NET\DESKTOP\PRACTICAL_WORK\PRACTICAL_WORK\DEBUG\VC100.PDB
C:\USERS\57NET\DESKTOP\PRACTICAL_WORK\PRACTICAL_WORK\DEBUG\VISITOR_MENU.OBJ
C:\USERS\57NET\DESKTOP\PRACTICAL_WORK\PRACTICAL_WORK\DEBUG\сHANGE_PASSWORD.OBJ
